<?xml version="1.0" encoding="UTF-8"?>
<!-- Generated by org.testng.reporters.JUnitXMLReporter -->
<testsuite ignored="0" hostname="DESKTOP-R9VE3LR" failures="0" tests="2" name="Test" time="249.922" errors="0" timestamp="2026-07-15T13:26:14 IST">
  <testcase classname="testBase.BaseClass" name="@BeforeClass setup" time="103.276">
    <failure type="org.openqa.selenium.SessionNotCreatedException" message="Could not start a new session. Response code 500. Message: Could not start a new session. Could not start a new session. Error while creating session with the driver service. Stopping driver service: Could not start a new session. Response code 500. Message: session not created
from chrome not reachable 
Host info: host: &amp;apos;7bdc21d7de5a&amp;apos;, ip: &amp;apos;172.18.0.3&amp;apos;
Build info: version: &amp;apos;4.45.0&amp;apos;, revision: &amp;apos;cd6a3cdfca cd6a3cdfca6970f62e5bc8344109d0fe0e2af05e&amp;apos;
System info: os.name: &amp;apos;Linux&amp;apos;, os.arch: &amp;apos;amd64&amp;apos;, os.version: &amp;apos;6.18.33.2-microsoft-standard-WSL2&amp;apos;, java.version: &amp;apos;21.0.11&amp;apos;
Driver info: driver.version: unknown
Build info: version: &amp;apos;4.45.0&amp;apos;, revision: &amp;apos;cd6a3cdfca cd6a3cdfca6970f62e5bc8344109d0fe0e2af05e&amp;apos;
System info: os.name: &amp;apos;Linux&amp;apos;, os.arch: &amp;apos;amd64&amp;apos;, os.version: &amp;apos;6.18.33.2-microsoft-standard-WSL2&amp;apos;, java.version: &amp;apos;21.0.11&amp;apos;
Driver info: driver.version: unknown
Build info: version: &amp;apos;4.45.0&amp;apos;, revision: &amp;apos;cd6a3cdfca cd6a3cdfca6970f62e5bc8344109d0fe0e2af05e&amp;apos;
System info: os.name: &amp;apos;Linux&amp;apos;, os.arch: &amp;apos;amd64&amp;apos;, os.version: &amp;apos;6.18.33.2-microsoft-standard-WSL2&amp;apos;, java.version: &amp;apos;21.0.11&amp;apos;
Driver info: driver.version: unknown
Build info: version: &amp;apos;4.45.0&amp;apos;, revision: &amp;apos;cd6a3cd cd6a3cdfca6970f62e5bc8344109d0fe0e2af05e&amp;apos;
System info: os.name: &amp;apos;Windows 11&amp;apos;, os.arch: &amp;apos;amd64&amp;apos;, os.version: &amp;apos;10.0&amp;apos;, java.version: &amp;apos;21.0.10&amp;apos;
Driver info: org.openqa.selenium.remote.RemoteWebDriver
Command: [null, newSession {capabilities=[Capabilities {browserName: chrome, platformName: linux}]}]
Capabilities {browserName: chrome, platformName: linux}">
      <![CDATA[org.openqa.selenium.SessionNotCreatedException: Could not start a new session. Response code 500. Message: Could not start a new session. Could not start a new session. Error while creating session with the driver service. Stopping driver service: Could not start a new session. Response code 500. Message: session not created
from chrome not reachable 
Host info: host: '7bdc21d7de5a', ip: '172.18.0.3'
Build info: version: '4.45.0', revision: 'cd6a3cdfca cd6a3cdfca6970f62e5bc8344109d0fe0e2af05e'
System info: os.name: 'Linux', os.arch: 'amd64', os.version: '6.18.33.2-microsoft-standard-WSL2', java.version: '21.0.11'
Driver info: driver.version: unknown
Build info: version: '4.45.0', revision: 'cd6a3cdfca cd6a3cdfca6970f62e5bc8344109d0fe0e2af05e'
System info: os.name: 'Linux', os.arch: 'amd64', os.version: '6.18.33.2-microsoft-standard-WSL2', java.version: '21.0.11'
Driver info: driver.version: unknown
Build info: version: '4.45.0', revision: 'cd6a3cdfca cd6a3cdfca6970f62e5bc8344109d0fe0e2af05e'
System info: os.name: 'Linux', os.arch: 'amd64', os.version: '6.18.33.2-microsoft-standard-WSL2', java.version: '21.0.11'
Driver info: driver.version: unknown
Build info: version: '4.45.0', revision: 'cd6a3cd cd6a3cdfca6970f62e5bc8344109d0fe0e2af05e'
System info: os.name: 'Windows 11', os.arch: 'amd64', os.version: '10.0', java.version: '21.0.10'
Driver info: org.openqa.selenium.remote.RemoteWebDriver
Command: [null, newSession {capabilities=[Capabilities {browserName: chrome, platformName: linux}]}]
Capabilities {browserName: chrome, platformName: linux}
at org.openqa.selenium.remote.ProtocolHandshake.createSession(ProtocolHandshake.java:115)
at org.openqa.selenium.remote.ProtocolHandshake.createSession(ProtocolHandshake.java:76)
at org.openqa.selenium.remote.ProtocolHandshake.createSession(ProtocolHandshake.java:62)
at org.openqa.selenium.remote.HttpCommandExecutor.execute(HttpCommandExecutor.java:171)
at org.openqa.selenium.remote.TracedCommandExecutor.execute(TracedCommandExecutor.java:51)
at org.openqa.selenium.remote.RemoteWebDriver.execute(RemoteWebDriver.java:575)
at org.openqa.selenium.remote.RemoteWebDriver.startSession(RemoteWebDriver.java:259)
at org.openqa.selenium.remote.RemoteWebDriver.<init>(RemoteWebDriver.java:204)
at org.openqa.selenium.remote.RemoteWebDriver.<init>(RemoteWebDriver.java:169)
at org.openqa.selenium.remote.RemoteWebDriver.<init>(RemoteWebDriver.java:165)
at testBase.BaseClass.setup(BaseClass.java:114)
at java.base/java.util.ArrayList.forEach(ArrayList.java:1596)
... Removed 23 stack frames]]>
    </failure>
  </testcase> <!-- @BeforeClass setup -->
  <testcase classname="testBase.BaseClass" name="@AfterClass tearDown" time="0.0">
    <skipped/>
  </testcase> <!-- @AfterClass tearDown -->
  <testcase classname="testBase.BaseClass" name="@BeforeClass setup" time="146.206">
    <failure type="org.openqa.selenium.SessionNotCreatedException" message="Could not start a new session. Response code 500. Message: Could not start a new session. Could not start a new session. Error while creating session with the driver service. Stopping driver service: Could not start a new session. Response code 500. Message: session not created
from chrome not reachable 
Host info: host: &amp;apos;7bdc21d7de5a&amp;apos;, ip: &amp;apos;172.18.0.3&amp;apos;
Build info: version: &amp;apos;4.45.0&amp;apos;, revision: &amp;apos;cd6a3cdfca cd6a3cdfca6970f62e5bc8344109d0fe0e2af05e&amp;apos;
System info: os.name: &amp;apos;Linux&amp;apos;, os.arch: &amp;apos;amd64&amp;apos;, os.version: &amp;apos;6.18.33.2-microsoft-standard-WSL2&amp;apos;, java.version: &amp;apos;21.0.11&amp;apos;
Driver info: driver.version: unknown
Build info: version: &amp;apos;4.45.0&amp;apos;, revision: &amp;apos;cd6a3cdfca cd6a3cdfca6970f62e5bc8344109d0fe0e2af05e&amp;apos;
System info: os.name: &amp;apos;Linux&amp;apos;, os.arch: &amp;apos;amd64&amp;apos;, os.version: &amp;apos;6.18.33.2-microsoft-standard-WSL2&amp;apos;, java.version: &amp;apos;21.0.11&amp;apos;
Driver info: driver.version: unknown
Build info: version: &amp;apos;4.45.0&amp;apos;, revision: &amp;apos;cd6a3cdfca cd6a3cdfca6970f62e5bc8344109d0fe0e2af05e&amp;apos;
System info: os.name: &amp;apos;Linux&amp;apos;, os.arch: &amp;apos;amd64&amp;apos;, os.version: &amp;apos;6.18.33.2-microsoft-standard-WSL2&amp;apos;, java.version: &amp;apos;21.0.11&amp;apos;
Driver info: driver.version: unknown
Build info: version: &amp;apos;4.45.0&amp;apos;, revision: &amp;apos;cd6a3cd cd6a3cdfca6970f62e5bc8344109d0fe0e2af05e&amp;apos;
System info: os.name: &amp;apos;Windows 11&amp;apos;, os.arch: &amp;apos;amd64&amp;apos;, os.version: &amp;apos;10.0&amp;apos;, java.version: &amp;apos;21.0.10&amp;apos;
Driver info: org.openqa.selenium.remote.RemoteWebDriver
Command: [null, newSession {capabilities=[Capabilities {browserName: chrome, platformName: linux}]}]
Capabilities {browserName: chrome, platformName: linux}">
      <![CDATA[org.openqa.selenium.SessionNotCreatedException: Could not start a new session. Response code 500. Message: Could not start a new session. Could not start a new session. Error while creating session with the driver service. Stopping driver service: Could not start a new session. Response code 500. Message: session not created
from chrome not reachable 
Host info: host: '7bdc21d7de5a', ip: '172.18.0.3'
Build info: version: '4.45.0', revision: 'cd6a3cdfca cd6a3cdfca6970f62e5bc8344109d0fe0e2af05e'
System info: os.name: 'Linux', os.arch: 'amd64', os.version: '6.18.33.2-microsoft-standard-WSL2', java.version: '21.0.11'
Driver info: driver.version: unknown
Build info: version: '4.45.0', revision: 'cd6a3cdfca cd6a3cdfca6970f62e5bc8344109d0fe0e2af05e'
System info: os.name: 'Linux', os.arch: 'amd64', os.version: '6.18.33.2-microsoft-standard-WSL2', java.version: '21.0.11'
Driver info: driver.version: unknown
Build info: version: '4.45.0', revision: 'cd6a3cdfca cd6a3cdfca6970f62e5bc8344109d0fe0e2af05e'
System info: os.name: 'Linux', os.arch: 'amd64', os.version: '6.18.33.2-microsoft-standard-WSL2', java.version: '21.0.11'
Driver info: driver.version: unknown
Build info: version: '4.45.0', revision: 'cd6a3cd cd6a3cdfca6970f62e5bc8344109d0fe0e2af05e'
System info: os.name: 'Windows 11', os.arch: 'amd64', os.version: '10.0', java.version: '21.0.10'
Driver info: org.openqa.selenium.remote.RemoteWebDriver
Command: [null, newSession {capabilities=[Capabilities {browserName: chrome, platformName: linux}]}]
Capabilities {browserName: chrome, platformName: linux}
at org.openqa.selenium.remote.ProtocolHandshake.createSession(ProtocolHandshake.java:115)
at org.openqa.selenium.remote.ProtocolHandshake.createSession(ProtocolHandshake.java:76)
at org.openqa.selenium.remote.ProtocolHandshake.createSession(ProtocolHandshake.java:62)
at org.openqa.selenium.remote.HttpCommandExecutor.execute(HttpCommandExecutor.java:171)
at org.openqa.selenium.remote.TracedCommandExecutor.execute(TracedCommandExecutor.java:51)
at org.openqa.selenium.remote.RemoteWebDriver.execute(RemoteWebDriver.java:575)
at org.openqa.selenium.remote.RemoteWebDriver.startSession(RemoteWebDriver.java:259)
at org.openqa.selenium.remote.RemoteWebDriver.<init>(RemoteWebDriver.java:204)
at org.openqa.selenium.remote.RemoteWebDriver.<init>(RemoteWebDriver.java:169)
at org.openqa.selenium.remote.RemoteWebDriver.<init>(RemoteWebDriver.java:165)
at testBase.BaseClass.setup(BaseClass.java:114)
at java.base/java.util.ArrayList.forEach(ArrayList.java:1596)
... Removed 23 stack frames]]>
    </failure>
  </testcase> <!-- @BeforeClass setup -->
  <testcase classname="testBase.BaseClass" name="@AfterClass tearDown" time="0.0">
    <skipped/>
  </testcase> <!-- @AfterClass tearDown -->
  <testcase classname="testCases.TC_001_AccountRegistrationTest" name="VerifyAccountRegistration" time="0.0">
    <skipped/>
  </testcase> <!-- VerifyAccountRegistration -->
  <testcase classname="testCases.TC_002_VerifyLoginTest" name="verify_login" time="0.0">
    <skipped/>
  </testcase> <!-- verify_login -->
</testsuite> <!-- Test -->
