<?xml version="1.0" encoding="UTF-8"?>
<testng-results ignored="0" total="2" passed="2" failed="0" skipped="0">
  <reporter-output>
  </reporter-output>
  <suite started-at="2026-07-15T14:13:16 IST" name="Suite" finished-at="2026-07-15T14:13:30 IST" duration-ms="13864">
    <groups>
      <group name="Master">
        <method signature="TC_001_AccountRegistrationTest.VerifyAccountRegistration()[pri:0, instance:testCases.TC_001_AccountRegistrationTest@7e07db1f]" name="VerifyAccountRegistration" class="testCases.TC_001_AccountRegistrationTest"/>
        <method signature="TC_002_VerifyLoginTest.verify_login()[pri:0, instance:testCases.TC_002_VerifyLoginTest@1d2adfbe]" name="verify_login" class="testCases.TC_002_VerifyLoginTest"/>
      </group> <!-- Master -->
      <group name="Sanity">
        <method signature="TC_001_AccountRegistrationTest.VerifyAccountRegistration()[pri:0, instance:testCases.TC_001_AccountRegistrationTest@7e07db1f]" name="VerifyAccountRegistration" class="testCases.TC_001_AccountRegistrationTest"/>
      </group> <!-- Sanity -->
      <group name="Regression">
        <method signature="TC_002_VerifyLoginTest.verify_login()[pri:0, instance:testCases.TC_002_VerifyLoginTest@1d2adfbe]" name="verify_login" class="testCases.TC_002_VerifyLoginTest"/>
      </group> <!-- Regression -->
    </groups>
    <test started-at="2026-07-15T14:13:16 IST" name="Test" finished-at="2026-07-15T14:13:30 IST" duration-ms="13864">
      <class name="testCases.TC_001_AccountRegistrationTest">
        <test-method is-config="true" signature="setup(java.lang.String,java.lang.String)[pri:0, instance:testCases.TC_001_AccountRegistrationTest@7e07db1f]" started-at="2026-07-15T14:13:16 IST" name="setup" finished-at="2026-07-15T14:13:20 IST" duration-ms="4055" status="PASS">
          <params>
            <param index="0">
              <value>
                <![CDATA[linux]]>
              </value>
            </param>
            <param index="1">
              <value>
                <![CDATA[chrome]]>
              </value>
            </param>
          </params>
          <reporter-output>
          </reporter-output>
        </test-method> <!-- setup -->
        <test-method signature="VerifyAccountRegistration()[pri:0, instance:testCases.TC_001_AccountRegistrationTest@7e07db1f]" started-at="2026-07-15T14:13:20 IST" name="VerifyAccountRegistration" finished-at="2026-07-15T14:13:24 IST" duration-ms="3590" status="PASS">
          <reporter-output>
          </reporter-output>
        </test-method> <!-- VerifyAccountRegistration -->
        <test-method is-config="true" signature="tearDown()[pri:0, instance:testCases.TC_001_AccountRegistrationTest@7e07db1f]" started-at="2026-07-15T14:13:24 IST" name="tearDown" finished-at="2026-07-15T14:13:24 IST" duration-ms="483" status="PASS">
          <reporter-output>
          </reporter-output>
        </test-method> <!-- tearDown -->
      </class> <!-- testCases.TC_001_AccountRegistrationTest -->
      <class name="testCases.TC_002_VerifyLoginTest">
        <test-method is-config="true" signature="setup(java.lang.String,java.lang.String)[pri:0, instance:testCases.TC_002_VerifyLoginTest@1d2adfbe]" started-at="2026-07-15T14:13:24 IST" name="setup" finished-at="2026-07-15T14:13:27 IST" duration-ms="2904" status="PASS">
          <params>
            <param index="0">
              <value>
                <![CDATA[linux]]>
              </value>
            </param>
            <param index="1">
              <value>
                <![CDATA[chrome]]>
              </value>
            </param>
          </params>
          <reporter-output>
          </reporter-output>
        </test-method> <!-- setup -->
        <test-method signature="verify_login()[pri:0, instance:testCases.TC_002_VerifyLoginTest@1d2adfbe]" started-at="2026-07-15T14:13:27 IST" name="verify_login" finished-at="2026-07-15T14:13:29 IST" duration-ms="2162" status="PASS">
          <reporter-output>
          </reporter-output>
        </test-method> <!-- verify_login -->
        <test-method is-config="true" signature="tearDown()[pri:0, instance:testCases.TC_002_VerifyLoginTest@1d2adfbe]" started-at="2026-07-15T14:13:29 IST" name="tearDown" finished-at="2026-07-15T14:13:30 IST" duration-ms="329" status="PASS">
          <reporter-output>
          </reporter-output>
        </test-method> <!-- tearDown -->
      </class> <!-- testCases.TC_002_VerifyLoginTest -->
    </test> <!-- Test -->
  </suite> <!-- Suite -->
</testng-results>
