<?xml version="1.0" encoding="UTF-8"?>
<testng-results ignored="0" total="2" passed="0" failed="0" skipped="2">
  <reporter-output>
  </reporter-output>
  <suite started-at="2026-07-15T13:22:03 IST" name="Suite" finished-at="2026-07-15T13:26:13 IST" duration-ms="249922">
    <groups>
      <group name="Master">
        <method signature="TC_001_AccountRegistrationTest.VerifyAccountRegistration()[pri:0, instance:testCases.TC_001_AccountRegistrationTest@6743e411]" name="VerifyAccountRegistration" class="testCases.TC_001_AccountRegistrationTest"/>
        <method signature="TC_002_VerifyLoginTest.verify_login()[pri:0, instance:testCases.TC_002_VerifyLoginTest@3eb738bb]" name="verify_login" class="testCases.TC_002_VerifyLoginTest"/>
      </group> <!-- Master -->
      <group name="Sanity">
        <method signature="TC_001_AccountRegistrationTest.VerifyAccountRegistration()[pri:0, instance:testCases.TC_001_AccountRegistrationTest@6743e411]" name="VerifyAccountRegistration" class="testCases.TC_001_AccountRegistrationTest"/>
      </group> <!-- Sanity -->
      <group name="Regression">
        <method signature="TC_002_VerifyLoginTest.verify_login()[pri:0, instance:testCases.TC_002_VerifyLoginTest@3eb738bb]" name="verify_login" class="testCases.TC_002_VerifyLoginTest"/>
      </group> <!-- Regression -->
    </groups>
    <test started-at="2026-07-15T13:22:03 IST" name="Test" finished-at="2026-07-15T13:26:13 IST" duration-ms="249922">
      <class name="testCases.TC_001_AccountRegistrationTest">
        <test-method is-config="true" signature="setup(java.lang.String,java.lang.String)[pri:0, instance:testCases.TC_001_AccountRegistrationTest@6743e411]" started-at="2026-07-15T13:22:03 IST" name="setup" finished-at="2026-07-15T13:23:47 IST" duration-ms="103276" status="FAIL">
          <params>
            <param index="0">
              <value>
                <![CDATA[linux]]>
              </value>
            </param>
            <param index="1">
              <value>
                <![CDATA[chrome]]>
              </value>
            </param>
          </params>
          <exception class="org.openqa.selenium.SessionNotCreatedException">
            <message>
              <![CDATA[Could not start a new session. Response code 500. Message: Could not start a new session. Could not start a new session. Error while creating session with the driver service. Stopping driver service: Could not start a new session. Response code 500. Message: session not created
from chrome not reachable 
Host info: host: '7bdc21d7de5a', ip: '172.18.0.3'
Build info: version: '4.45.0', revision: 'cd6a3cdfca cd6a3cdfca6970f62e5bc8344109d0fe0e2af05e'
System info: os.name: 'Linux', os.arch: 'amd64', os.version: '6.18.33.2-microsoft-standard-WSL2', java.version: '21.0.11'
Driver info: driver.version: unknown
Build info: version: '4.45.0', revision: 'cd6a3cdfca cd6a3cdfca6970f62e5bc8344109d0fe0e2af05e'
System info: os.name: 'Linux', os.arch: 'amd64', os.version: '6.18.33.2-microsoft-standard-WSL2', java.version: '21.0.11'
Driver info: driver.version: unknown
Build info: version: '4.45.0', revision: 'cd6a3cdfca cd6a3cdfca6970f62e5bc8344109d0fe0e2af05e'
System info: os.name: 'Linux', os.arch: 'amd64', os.version: '6.18.33.2-microsoft-standard-WSL2', java.version: '21.0.11'
Driver info: driver.version: unknown
Build info: version: '4.45.0', revision: 'cd6a3cd cd6a3cdfca6970f62e5bc8344109d0fe0e2af05e'
System info: os.name: 'Windows 11', os.arch: 'amd64', os.version: '10.0', java.version: '21.0.10'
Driver info: org.openqa.selenium.remote.RemoteWebDriver
Command: [null, newSession {capabilities=[Capabilities {browserName: chrome, platformName: linux}]}]
Capabilities {browserName: chrome, platformName: linux}]]>
            </message>
            <full-stacktrace>
              <![CDATA[org.openqa.selenium.SessionNotCreatedException: Could not start a new session. Response code 500. Message: Could not start a new session. Could not start a new session. Error while creating session with the driver service. Stopping driver service: Could not start a new session. Response code 500. Message: session not created
from chrome not reachable 
Host info: host: '7bdc21d7de5a', ip: '172.18.0.3'
Build info: version: '4.45.0', revision: 'cd6a3cdfca cd6a3cdfca6970f62e5bc8344109d0fe0e2af05e'
System info: os.name: 'Linux', os.arch: 'amd64', os.version: '6.18.33.2-microsoft-standard-WSL2', java.version: '21.0.11'
Driver info: driver.version: unknown
Build info: version: '4.45.0', revision: 'cd6a3cdfca cd6a3cdfca6970f62e5bc8344109d0fe0e2af05e'
System info: os.name: 'Linux', os.arch: 'amd64', os.version: '6.18.33.2-microsoft-standard-WSL2', java.version: '21.0.11'
Driver info: driver.version: unknown
Build info: version: '4.45.0', revision: 'cd6a3cdfca cd6a3cdfca6970f62e5bc8344109d0fe0e2af05e'
System info: os.name: 'Linux', os.arch: 'amd64', os.version: '6.18.33.2-microsoft-standard-WSL2', java.version: '21.0.11'
Driver info: driver.version: unknown
Build info: version: '4.45.0', revision: 'cd6a3cd cd6a3cdfca6970f62e5bc8344109d0fe0e2af05e'
System info: os.name: 'Windows 11', os.arch: 'amd64', os.version: '10.0', java.version: '21.0.10'
Driver info: org.openqa.selenium.remote.RemoteWebDriver
Command: [null, newSession {capabilities=[Capabilities {browserName: chrome, platformName: linux}]}]
Capabilities {browserName: chrome, platformName: linux}
at org.openqa.selenium.remote.ProtocolHandshake.createSession(ProtocolHandshake.java:115)
at org.openqa.selenium.remote.ProtocolHandshake.createSession(ProtocolHandshake.java:76)
at org.openqa.selenium.remote.ProtocolHandshake.createSession(ProtocolHandshake.java:62)
at org.openqa.selenium.remote.HttpCommandExecutor.execute(HttpCommandExecutor.java:171)
at org.openqa.selenium.remote.TracedCommandExecutor.execute(TracedCommandExecutor.java:51)
at org.openqa.selenium.remote.RemoteWebDriver.execute(RemoteWebDriver.java:575)
at org.openqa.selenium.remote.RemoteWebDriver.startSession(RemoteWebDriver.java:259)
at org.openqa.selenium.remote.RemoteWebDriver.<init>(RemoteWebDriver.java:204)
at org.openqa.selenium.remote.RemoteWebDriver.<init>(RemoteWebDriver.java:169)
at org.openqa.selenium.remote.RemoteWebDriver.<init>(RemoteWebDriver.java:165)
at testBase.BaseClass.setup(BaseClass.java:114)
at java.base/jdk.internal.reflect.DirectMethodHandleAccessor.invoke(DirectMethodHandleAccessor.java:103)
at java.base/java.lang.reflect.Method.invoke(Method.java:580)
at org.testng.internal.invokers.MethodInvocationHelper.invokeMethod(MethodInvocationHelper.java:141)
at org.testng.internal.invokers.MethodInvocationHelper.invokeMethodConsideringTimeout(MethodInvocationHelper.java:71)
at org.testng.internal.invokers.ConfigInvoker.invokeConfigurationMethod(ConfigInvoker.java:400)
at org.testng.internal.invokers.ConfigInvoker.invokeConfigurations(ConfigInvoker.java:333)
at org.testng.internal.invokers.TestMethodWorker.invokeBeforeClassMethods(TestMethodWorker.java:188)
at org.testng.internal.invokers.TestMethodWorker.run(TestMethodWorker.java:128)
at java.base/java.util.ArrayList.forEach(ArrayList.java:1596)
at org.testng.TestRunner.privateRun(TestRunner.java:744)
at org.testng.TestRunner.run(TestRunner.java:616)
at org.testng.SuiteRunner.runTest(SuiteRunner.java:421)
at org.testng.SuiteRunner.runSequentially(SuiteRunner.java:413)
at org.testng.SuiteRunner.privateRun(SuiteRunner.java:373)
at org.testng.SuiteRunner.run(SuiteRunner.java:312)
at org.testng.SuiteRunnerWorker.runSuite(SuiteRunnerWorker.java:52)
at org.testng.SuiteRunnerWorker.run(SuiteRunnerWorker.java:95)
at org.testng.TestNG.runSuitesSequentially(TestNG.java:1274)
at org.testng.TestNG.runSuitesLocally(TestNG.java:1208)
at org.testng.TestNG.runSuites(TestNG.java:1112)
at org.testng.TestNG.run(TestNG.java:1079)
at org.testng.remote.AbstractRemoteTestNG.run(AbstractRemoteTestNG.java:115)
at org.testng.remote.RemoteTestNG.initAndRun(RemoteTestNG.java:293)
at org.testng.remote.RemoteTestNG.main(RemoteTestNG.java:91)
]]>
            </full-stacktrace>
          </exception> <!-- org.openqa.selenium.SessionNotCreatedException -->
          <reporter-output>
          </reporter-output>
        </test-method> <!-- setup -->
        <test-method signature="VerifyAccountRegistration()[pri:0, instance:testCases.TC_001_AccountRegistrationTest@6743e411]" started-at="2026-07-15T13:23:47 IST" name="VerifyAccountRegistration" finished-at="2026-07-15T13:23:47 IST" duration-ms="0" status="SKIP">
          <exception class="org.openqa.selenium.SessionNotCreatedException">
            <message>
              <![CDATA[Could not start a new session. Response code 500. Message: Could not start a new session. Could not start a new session. Error while creating session with the driver service. Stopping driver service: Could not start a new session. Response code 500. Message: session not created
from chrome not reachable 
Host info: host: '7bdc21d7de5a', ip: '172.18.0.3'
Build info: version: '4.45.0', revision: 'cd6a3cdfca cd6a3cdfca6970f62e5bc8344109d0fe0e2af05e'
System info: os.name: 'Linux', os.arch: 'amd64', os.version: '6.18.33.2-microsoft-standard-WSL2', java.version: '21.0.11'
Driver info: driver.version: unknown
Build info: version: '4.45.0', revision: 'cd6a3cdfca cd6a3cdfca6970f62e5bc8344109d0fe0e2af05e'
System info: os.name: 'Linux', os.arch: 'amd64', os.version: '6.18.33.2-microsoft-standard-WSL2', java.version: '21.0.11'
Driver info: driver.version: unknown
Build info: version: '4.45.0', revision: 'cd6a3cdfca cd6a3cdfca6970f62e5bc8344109d0fe0e2af05e'
System info: os.name: 'Linux', os.arch: 'amd64', os.version: '6.18.33.2-microsoft-standard-WSL2', java.version: '21.0.11'
Driver info: driver.version: unknown
Build info: version: '4.45.0', revision: 'cd6a3cd cd6a3cdfca6970f62e5bc8344109d0fe0e2af05e'
System info: os.name: 'Windows 11', os.arch: 'amd64', os.version: '10.0', java.version: '21.0.10'
Driver info: org.openqa.selenium.remote.RemoteWebDriver
Command: [null, newSession {capabilities=[Capabilities {browserName: chrome, platformName: linux}]}]
Capabilities {browserName: chrome, platformName: linux}]]>
            </message>
            <full-stacktrace>
              <![CDATA[org.openqa.selenium.SessionNotCreatedException: Could not start a new session. Response code 500. Message: Could not start a new session. Could not start a new session. Error while creating session with the driver service. Stopping driver service: Could not start a new session. Response code 500. Message: session not created
from chrome not reachable 
Host info: host: '7bdc21d7de5a', ip: '172.18.0.3'
Build info: version: '4.45.0', revision: 'cd6a3cdfca cd6a3cdfca6970f62e5bc8344109d0fe0e2af05e'
System info: os.name: 'Linux', os.arch: 'amd64', os.version: '6.18.33.2-microsoft-standard-WSL2', java.version: '21.0.11'
Driver info: driver.version: unknown
Build info: version: '4.45.0', revision: 'cd6a3cdfca cd6a3cdfca6970f62e5bc8344109d0fe0e2af05e'
System info: os.name: 'Linux', os.arch: 'amd64', os.version: '6.18.33.2-microsoft-standard-WSL2', java.version: '21.0.11'
Driver info: driver.version: unknown
Build info: version: '4.45.0', revision: 'cd6a3cdfca cd6a3cdfca6970f62e5bc8344109d0fe0e2af05e'
System info: os.name: 'Linux', os.arch: 'amd64', os.version: '6.18.33.2-microsoft-standard-WSL2', java.version: '21.0.11'
Driver info: driver.version: unknown
Build info: version: '4.45.0', revision: 'cd6a3cd cd6a3cdfca6970f62e5bc8344109d0fe0e2af05e'
System info: os.name: 'Windows 11', os.arch: 'amd64', os.version: '10.0', java.version: '21.0.10'
Driver info: org.openqa.selenium.remote.RemoteWebDriver
Command: [null, newSession {capabilities=[Capabilities {browserName: chrome, platformName: linux}]}]
Capabilities {browserName: chrome, platformName: linux}
at org.openqa.selenium.remote.ProtocolHandshake.createSession(ProtocolHandshake.java:115)
at org.openqa.selenium.remote.ProtocolHandshake.createSession(ProtocolHandshake.java:76)
at org.openqa.selenium.remote.ProtocolHandshake.createSession(ProtocolHandshake.java:62)
at org.openqa.selenium.remote.HttpCommandExecutor.execute(HttpCommandExecutor.java:171)
at org.openqa.selenium.remote.TracedCommandExecutor.execute(TracedCommandExecutor.java:51)
at org.openqa.selenium.remote.RemoteWebDriver.execute(RemoteWebDriver.java:575)
at org.openqa.selenium.remote.RemoteWebDriver.startSession(RemoteWebDriver.java:259)
at org.openqa.selenium.remote.RemoteWebDriver.<init>(RemoteWebDriver.java:204)
at org.openqa.selenium.remote.RemoteWebDriver.<init>(RemoteWebDriver.java:169)
at org.openqa.selenium.remote.RemoteWebDriver.<init>(RemoteWebDriver.java:165)
at testBase.BaseClass.setup(BaseClass.java:114)
at java.base/jdk.internal.reflect.DirectMethodHandleAccessor.invoke(DirectMethodHandleAccessor.java:103)
at java.base/java.lang.reflect.Method.invoke(Method.java:580)
at org.testng.internal.invokers.MethodInvocationHelper.invokeMethod(MethodInvocationHelper.java:141)
at org.testng.internal.invokers.MethodInvocationHelper.invokeMethodConsideringTimeout(MethodInvocationHelper.java:71)
at org.testng.internal.invokers.ConfigInvoker.invokeConfigurationMethod(ConfigInvoker.java:400)
at org.testng.internal.invokers.ConfigInvoker.invokeConfigurations(ConfigInvoker.java:333)
at org.testng.internal.invokers.TestMethodWorker.invokeBeforeClassMethods(TestMethodWorker.java:188)
at org.testng.internal.invokers.TestMethodWorker.run(TestMethodWorker.java:128)
at java.base/java.util.ArrayList.forEach(ArrayList.java:1596)
at org.testng.TestRunner.privateRun(TestRunner.java:744)
at org.testng.TestRunner.run(TestRunner.java:616)
at org.testng.SuiteRunner.runTest(SuiteRunner.java:421)
at org.testng.SuiteRunner.runSequentially(SuiteRunner.java:413)
at org.testng.SuiteRunner.privateRun(SuiteRunner.java:373)
at org.testng.SuiteRunner.run(SuiteRunner.java:312)
at org.testng.SuiteRunnerWorker.runSuite(SuiteRunnerWorker.java:52)
at org.testng.SuiteRunnerWorker.run(SuiteRunnerWorker.java:95)
at org.testng.TestNG.runSuitesSequentially(TestNG.java:1274)
at org.testng.TestNG.runSuitesLocally(TestNG.java:1208)
at org.testng.TestNG.runSuites(TestNG.java:1112)
at org.testng.TestNG.run(TestNG.java:1079)
at org.testng.remote.AbstractRemoteTestNG.run(AbstractRemoteTestNG.java:115)
at org.testng.remote.RemoteTestNG.initAndRun(RemoteTestNG.java:293)
at org.testng.remote.RemoteTestNG.main(RemoteTestNG.java:91)
]]>
            </full-stacktrace>
          </exception> <!-- org.openqa.selenium.SessionNotCreatedException -->
          <reporter-output>
          </reporter-output>
        </test-method> <!-- VerifyAccountRegistration -->
        <test-method is-config="true" signature="tearDown()[pri:0, instance:testCases.TC_001_AccountRegistrationTest@6743e411]" started-at="2026-07-15T13:23:47 IST" name="tearDown" finished-at="2026-07-15T13:23:47 IST" duration-ms="0" status="SKIP">
          <reporter-output>
          </reporter-output>
        </test-method> <!-- tearDown -->
      </class> <!-- testCases.TC_001_AccountRegistrationTest -->
      <class name="testCases.TC_002_VerifyLoginTest">
        <test-method is-config="true" signature="setup(java.lang.String,java.lang.String)[pri:0, instance:testCases.TC_002_VerifyLoginTest@3eb738bb]" started-at="2026-07-15T13:23:47 IST" name="setup" finished-at="2026-07-15T13:26:13 IST" duration-ms="146206" status="FAIL">
          <params>
            <param index="0">
              <value>
                <![CDATA[linux]]>
              </value>
            </param>
            <param index="1">
              <value>
                <![CDATA[chrome]]>
              </value>
            </param>
          </params>
          <exception class="org.openqa.selenium.SessionNotCreatedException">
            <message>
              <![CDATA[Could not start a new session. Response code 500. Message: Could not start a new session. Could not start a new session. Error while creating session with the driver service. Stopping driver service: Could not start a new session. Response code 500. Message: session not created
from chrome not reachable 
Host info: host: '7bdc21d7de5a', ip: '172.18.0.3'
Build info: version: '4.45.0', revision: 'cd6a3cdfca cd6a3cdfca6970f62e5bc8344109d0fe0e2af05e'
System info: os.name: 'Linux', os.arch: 'amd64', os.version: '6.18.33.2-microsoft-standard-WSL2', java.version: '21.0.11'
Driver info: driver.version: unknown
Build info: version: '4.45.0', revision: 'cd6a3cdfca cd6a3cdfca6970f62e5bc8344109d0fe0e2af05e'
System info: os.name: 'Linux', os.arch: 'amd64', os.version: '6.18.33.2-microsoft-standard-WSL2', java.version: '21.0.11'
Driver info: driver.version: unknown
Build info: version: '4.45.0', revision: 'cd6a3cdfca cd6a3cdfca6970f62e5bc8344109d0fe0e2af05e'
System info: os.name: 'Linux', os.arch: 'amd64', os.version: '6.18.33.2-microsoft-standard-WSL2', java.version: '21.0.11'
Driver info: driver.version: unknown
Build info: version: '4.45.0', revision: 'cd6a3cd cd6a3cdfca6970f62e5bc8344109d0fe0e2af05e'
System info: os.name: 'Windows 11', os.arch: 'amd64', os.version: '10.0', java.version: '21.0.10'
Driver info: org.openqa.selenium.remote.RemoteWebDriver
Command: [null, newSession {capabilities=[Capabilities {browserName: chrome, platformName: linux}]}]
Capabilities {browserName: chrome, platformName: linux}]]>
            </message>
            <full-stacktrace>
              <![CDATA[org.openqa.selenium.SessionNotCreatedException: Could not start a new session. Response code 500. Message: Could not start a new session. Could not start a new session. Error while creating session with the driver service. Stopping driver service: Could not start a new session. Response code 500. Message: session not created
from chrome not reachable 
Host info: host: '7bdc21d7de5a', ip: '172.18.0.3'
Build info: version: '4.45.0', revision: 'cd6a3cdfca cd6a3cdfca6970f62e5bc8344109d0fe0e2af05e'
System info: os.name: 'Linux', os.arch: 'amd64', os.version: '6.18.33.2-microsoft-standard-WSL2', java.version: '21.0.11'
Driver info: driver.version: unknown
Build info: version: '4.45.0', revision: 'cd6a3cdfca cd6a3cdfca6970f62e5bc8344109d0fe0e2af05e'
System info: os.name: 'Linux', os.arch: 'amd64', os.version: '6.18.33.2-microsoft-standard-WSL2', java.version: '21.0.11'
Driver info: driver.version: unknown
Build info: version: '4.45.0', revision: 'cd6a3cdfca cd6a3cdfca6970f62e5bc8344109d0fe0e2af05e'
System info: os.name: 'Linux', os.arch: 'amd64', os.version: '6.18.33.2-microsoft-standard-WSL2', java.version: '21.0.11'
Driver info: driver.version: unknown
Build info: version: '4.45.0', revision: 'cd6a3cd cd6a3cdfca6970f62e5bc8344109d0fe0e2af05e'
System info: os.name: 'Windows 11', os.arch: 'amd64', os.version: '10.0', java.version: '21.0.10'
Driver info: org.openqa.selenium.remote.RemoteWebDriver
Command: [null, newSession {capabilities=[Capabilities {browserName: chrome, platformName: linux}]}]
Capabilities {browserName: chrome, platformName: linux}
at org.openqa.selenium.remote.ProtocolHandshake.createSession(ProtocolHandshake.java:115)
at org.openqa.selenium.remote.ProtocolHandshake.createSession(ProtocolHandshake.java:76)
at org.openqa.selenium.remote.ProtocolHandshake.createSession(ProtocolHandshake.java:62)
at org.openqa.selenium.remote.HttpCommandExecutor.execute(HttpCommandExecutor.java:171)
at org.openqa.selenium.remote.TracedCommandExecutor.execute(TracedCommandExecutor.java:51)
at org.openqa.selenium.remote.RemoteWebDriver.execute(RemoteWebDriver.java:575)
at org.openqa.selenium.remote.RemoteWebDriver.startSession(RemoteWebDriver.java:259)
at org.openqa.selenium.remote.RemoteWebDriver.<init>(RemoteWebDriver.java:204)
at org.openqa.selenium.remote.RemoteWebDriver.<init>(RemoteWebDriver.java:169)
at org.openqa.selenium.remote.RemoteWebDriver.<init>(RemoteWebDriver.java:165)
at testBase.BaseClass.setup(BaseClass.java:114)
at java.base/jdk.internal.reflect.DirectMethodHandleAccessor.invoke(DirectMethodHandleAccessor.java:103)
at java.base/java.lang.reflect.Method.invoke(Method.java:580)
at org.testng.internal.invokers.MethodInvocationHelper.invokeMethod(MethodInvocationHelper.java:141)
at org.testng.internal.invokers.MethodInvocationHelper.invokeMethodConsideringTimeout(MethodInvocationHelper.java:71)
at org.testng.internal.invokers.ConfigInvoker.invokeConfigurationMethod(ConfigInvoker.java:400)
at org.testng.internal.invokers.ConfigInvoker.invokeConfigurations(ConfigInvoker.java:333)
at org.testng.internal.invokers.TestMethodWorker.invokeBeforeClassMethods(TestMethodWorker.java:188)
at org.testng.internal.invokers.TestMethodWorker.run(TestMethodWorker.java:128)
at java.base/java.util.ArrayList.forEach(ArrayList.java:1596)
at org.testng.TestRunner.privateRun(TestRunner.java:744)
at org.testng.TestRunner.run(TestRunner.java:616)
at org.testng.SuiteRunner.runTest(SuiteRunner.java:421)
at org.testng.SuiteRunner.runSequentially(SuiteRunner.java:413)
at org.testng.SuiteRunner.privateRun(SuiteRunner.java:373)
at org.testng.SuiteRunner.run(SuiteRunner.java:312)
at org.testng.SuiteRunnerWorker.runSuite(SuiteRunnerWorker.java:52)
at org.testng.SuiteRunnerWorker.run(SuiteRunnerWorker.java:95)
at org.testng.TestNG.runSuitesSequentially(TestNG.java:1274)
at org.testng.TestNG.runSuitesLocally(TestNG.java:1208)
at org.testng.TestNG.runSuites(TestNG.java:1112)
at org.testng.TestNG.run(TestNG.java:1079)
at org.testng.remote.AbstractRemoteTestNG.run(AbstractRemoteTestNG.java:115)
at org.testng.remote.RemoteTestNG.initAndRun(RemoteTestNG.java:293)
at org.testng.remote.RemoteTestNG.main(RemoteTestNG.java:91)
]]>
            </full-stacktrace>
          </exception> <!-- org.openqa.selenium.SessionNotCreatedException -->
          <reporter-output>
          </reporter-output>
        </test-method> <!-- setup -->
        <test-method signature="verify_login()[pri:0, instance:testCases.TC_002_VerifyLoginTest@3eb738bb]" started-at="2026-07-15T13:26:13 IST" name="verify_login" finished-at="2026-07-15T13:26:13 IST" duration-ms="0" status="SKIP">
          <exception class="org.openqa.selenium.SessionNotCreatedException">
            <message>
              <![CDATA[Could not start a new session. Response code 500. Message: Could not start a new session. Could not start a new session. Error while creating session with the driver service. Stopping driver service: Could not start a new session. Response code 500. Message: session not created
from chrome not reachable 
Host info: host: '7bdc21d7de5a', ip: '172.18.0.3'
Build info: version: '4.45.0', revision: 'cd6a3cdfca cd6a3cdfca6970f62e5bc8344109d0fe0e2af05e'
System info: os.name: 'Linux', os.arch: 'amd64', os.version: '6.18.33.2-microsoft-standard-WSL2', java.version: '21.0.11'
Driver info: driver.version: unknown
Build info: version: '4.45.0', revision: 'cd6a3cdfca cd6a3cdfca6970f62e5bc8344109d0fe0e2af05e'
System info: os.name: 'Linux', os.arch: 'amd64', os.version: '6.18.33.2-microsoft-standard-WSL2', java.version: '21.0.11'
Driver info: driver.version: unknown
Build info: version: '4.45.0', revision: 'cd6a3cdfca cd6a3cdfca6970f62e5bc8344109d0fe0e2af05e'
System info: os.name: 'Linux', os.arch: 'amd64', os.version: '6.18.33.2-microsoft-standard-WSL2', java.version: '21.0.11'
Driver info: driver.version: unknown
Build info: version: '4.45.0', revision: 'cd6a3cd cd6a3cdfca6970f62e5bc8344109d0fe0e2af05e'
System info: os.name: 'Windows 11', os.arch: 'amd64', os.version: '10.0', java.version: '21.0.10'
Driver info: org.openqa.selenium.remote.RemoteWebDriver
Command: [null, newSession {capabilities=[Capabilities {browserName: chrome, platformName: linux}]}]
Capabilities {browserName: chrome, platformName: linux}]]>
            </message>
            <full-stacktrace>
              <![CDATA[org.openqa.selenium.SessionNotCreatedException: Could not start a new session. Response code 500. Message: Could not start a new session. Could not start a new session. Error while creating session with the driver service. Stopping driver service: Could not start a new session. Response code 500. Message: session not created
from chrome not reachable 
Host info: host: '7bdc21d7de5a', ip: '172.18.0.3'
Build info: version: '4.45.0', revision: 'cd6a3cdfca cd6a3cdfca6970f62e5bc8344109d0fe0e2af05e'
System info: os.name: 'Linux', os.arch: 'amd64', os.version: '6.18.33.2-microsoft-standard-WSL2', java.version: '21.0.11'
Driver info: driver.version: unknown
Build info: version: '4.45.0', revision: 'cd6a3cdfca cd6a3cdfca6970f62e5bc8344109d0fe0e2af05e'
System info: os.name: 'Linux', os.arch: 'amd64', os.version: '6.18.33.2-microsoft-standard-WSL2', java.version: '21.0.11'
Driver info: driver.version: unknown
Build info: version: '4.45.0', revision: 'cd6a3cdfca cd6a3cdfca6970f62e5bc8344109d0fe0e2af05e'
System info: os.name: 'Linux', os.arch: 'amd64', os.version: '6.18.33.2-microsoft-standard-WSL2', java.version: '21.0.11'
Driver info: driver.version: unknown
Build info: version: '4.45.0', revision: 'cd6a3cd cd6a3cdfca6970f62e5bc8344109d0fe0e2af05e'
System info: os.name: 'Windows 11', os.arch: 'amd64', os.version: '10.0', java.version: '21.0.10'
Driver info: org.openqa.selenium.remote.RemoteWebDriver
Command: [null, newSession {capabilities=[Capabilities {browserName: chrome, platformName: linux}]}]
Capabilities {browserName: chrome, platformName: linux}
at org.openqa.selenium.remote.ProtocolHandshake.createSession(ProtocolHandshake.java:115)
at org.openqa.selenium.remote.ProtocolHandshake.createSession(ProtocolHandshake.java:76)
at org.openqa.selenium.remote.ProtocolHandshake.createSession(ProtocolHandshake.java:62)
at org.openqa.selenium.remote.HttpCommandExecutor.execute(HttpCommandExecutor.java:171)
at org.openqa.selenium.remote.TracedCommandExecutor.execute(TracedCommandExecutor.java:51)
at org.openqa.selenium.remote.RemoteWebDriver.execute(RemoteWebDriver.java:575)
at org.openqa.selenium.remote.RemoteWebDriver.startSession(RemoteWebDriver.java:259)
at org.openqa.selenium.remote.RemoteWebDriver.<init>(RemoteWebDriver.java:204)
at org.openqa.selenium.remote.RemoteWebDriver.<init>(RemoteWebDriver.java:169)
at org.openqa.selenium.remote.RemoteWebDriver.<init>(RemoteWebDriver.java:165)
at testBase.BaseClass.setup(BaseClass.java:114)
at java.base/jdk.internal.reflect.DirectMethodHandleAccessor.invoke(DirectMethodHandleAccessor.java:103)
at java.base/java.lang.reflect.Method.invoke(Method.java:580)
at org.testng.internal.invokers.MethodInvocationHelper.invokeMethod(MethodInvocationHelper.java:141)
at org.testng.internal.invokers.MethodInvocationHelper.invokeMethodConsideringTimeout(MethodInvocationHelper.java:71)
at org.testng.internal.invokers.ConfigInvoker.invokeConfigurationMethod(ConfigInvoker.java:400)
at org.testng.internal.invokers.ConfigInvoker.invokeConfigurations(ConfigInvoker.java:333)
at org.testng.internal.invokers.TestMethodWorker.invokeBeforeClassMethods(TestMethodWorker.java:188)
at org.testng.internal.invokers.TestMethodWorker.run(TestMethodWorker.java:128)
at java.base/java.util.ArrayList.forEach(ArrayList.java:1596)
at org.testng.TestRunner.privateRun(TestRunner.java:744)
at org.testng.TestRunner.run(TestRunner.java:616)
at org.testng.SuiteRunner.runTest(SuiteRunner.java:421)
at org.testng.SuiteRunner.runSequentially(SuiteRunner.java:413)
at org.testng.SuiteRunner.privateRun(SuiteRunner.java:373)
at org.testng.SuiteRunner.run(SuiteRunner.java:312)
at org.testng.SuiteRunnerWorker.runSuite(SuiteRunnerWorker.java:52)
at org.testng.SuiteRunnerWorker.run(SuiteRunnerWorker.java:95)
at org.testng.TestNG.runSuitesSequentially(TestNG.java:1274)
at org.testng.TestNG.runSuitesLocally(TestNG.java:1208)
at org.testng.TestNG.runSuites(TestNG.java:1112)
at org.testng.TestNG.run(TestNG.java:1079)
at org.testng.remote.AbstractRemoteTestNG.run(AbstractRemoteTestNG.java:115)
at org.testng.remote.RemoteTestNG.initAndRun(RemoteTestNG.java:293)
at org.testng.remote.RemoteTestNG.main(RemoteTestNG.java:91)
]]>
            </full-stacktrace>
          </exception> <!-- org.openqa.selenium.SessionNotCreatedException -->
          <reporter-output>
          </reporter-output>
        </test-method> <!-- verify_login -->
        <test-method is-config="true" signature="tearDown()[pri:0, instance:testCases.TC_002_VerifyLoginTest@3eb738bb]" started-at="2026-07-15T13:26:13 IST" name="tearDown" finished-at="2026-07-15T13:26:13 IST" duration-ms="0" status="SKIP">
          <reporter-output>
          </reporter-output>
        </test-method> <!-- tearDown -->
      </class> <!-- testCases.TC_002_VerifyLoginTest -->
    </test> <!-- Test -->
  </suite> <!-- Suite -->
</testng-results>
